Global cache location 'C:/Users/lizhe/AppData/Local/Microsoft/TypeScript', safe file path 'e:/github/typescript-sublime-plugin/tsserver/typingsafelist.json'
Processing cache location 'C:/Users/lizhe/AppData/Local/Microsoft/TypeScript'
Trying to find 'C:/Users/lizhe/AppData/Local/Microsoft/TypeScript/package.json'...
Loaded content of 'C:/Users/lizhe/AppData/Local/Microsoft/TypeScript/package.json': {"devDependencies":{"@types/acorn":"^4.0.0","@types/ansi-styles":"^2.0.30","@types/archiver":"^0.15.37","@types/archy":"0.0.30","@types/argparse":"^1.0.30","@types/array-find-index":"^1.0.0","@types/array-uniq":"^1.0.0","@types/assert-plus":"^1.0.2","@types/assertion-error":"^1.0.30","@types/async":"^2.0.38","@types/babel-code-frame":"^6.20.0","@types/base64-js":"^1.2.5","@types/bootstrap":"^3.3.32","@types/brorand":"^1.0.30","@types/browser-pack":"^6.0.4","@types/browser-resolve":"0.0.4","@types/browser-sync":"0.0.34","@types/browserify":"^12.0.30","@types/camelcase":"0.0.30","@types/camelcase-keys":"^4.0.0","@types/chai":"^3.4.35","@types/chalk":"^0.4.31","@types/cheerio":"^0.17.31","@types/clone":"^0.1.30","@types/colors":"^1.1.1","@types/commander":"^2.3.31","@types/concat-stream":"^1.6.0","@types/configstore":"^2.1.0","@types/convert-source-map":"^1.3.32","@types/css":"0.0.30","@types/dateformat":"^1.0.1","@types/debug":"0.0.29","@types/decamelize":"0.0.30","@types/deep-extend":"^0.4.30","@types/defaults":"^1.0.1","@types/del":"^2.2.32","@types/diff":"0.0.31","@types/dot-prop":"0.0.30","@types/duplexer2":"^0.1.0","@types/escape-string-regexp":"0.0.30","@types/escodegen":"0.0.6","@types/esprima":"^2.1.33","@types/estraverse":"0.0.6","@types/extend":"^2.0.30","@types/fast-levenshtein":"0.0.1","@types/findup-sync":"^0.3.29","@types/fs-extra":"0.0.37","@types/get-stdin":"^5.0.0","@types/glob":"^5.0.30","@types/glob-stream":"^3.1.30","@types/globule":"^1.1.1","@types/graceful-fs":"^2.0.29","@types/gulp":"^3.8.32","@types/gulp-concat":"0.0.29","@types/gulp-help":"0.0.32","@types/gulp-insert":"^0.5.5","@types/gulp-less":"0.0.29","@types/gulp-newer":"0.0.29","@types/gulp-sass":"0.0.29","@types/gulp-sourcemaps":"0.0.29","@types/gulp-task-listing":"0.0.29","@types/gulp-util":"^3.0.30","@types/gulp-watch":"^4.1.29","@types/handlebars":"^4.0.31","@types/indent-string":"^3.0.0","@types/inherits":"0.0.29","@types/ini":"^1.3.29","@types/is-finite":"^1.0.0","@types/is-path-cwd":"^1.0.0","@types/is-path-in-cwd":"^1.0.0","@types/is-windows":"^0.2.0","@types/istanbul":"^0.4.29","@types/jake":"0.0.28","@types/jasmine-node":"^1.14.31","@types/jquery":"^2.0.41","@types/js-beautify":"0.0.28","@types/js-yaml":"^3.5.29","@types/jsdom":"^2.0.30","@types/json-stable-stringify":"^1.0.30","@types/karma":"^0.13.33","@types/karma-jasmine":"0.0.29","@types/load-json-file":"^2.0.5","@types/lodash":"^4.14.54","@types/lodash.assignwith":"^4.2.1","@types/lodash.create":"^4.2.1","@types/lodash.defaults":"^4.2.1","@types/lodash.escape":"^4.0.1","@types/lodash.isarguments":"^3.1.1","@types/lodash.isarray":"^4.0.1","@types/lodash.isempty":"^4.4.1","@types/lodash.isequal":"^4.5.0","@types/lodash.isobject":"^3.0.1","@types/lodash.isplainobject":"^4.0.1","@types/lodash.isstring":"^4.0.1","@types/lodash.keys":"^4.2.1","@types/lodash.mapvalues":"^4.6.1","@types/lodash.memoize":"^4.1.1","@types/lodash.pick":"^4.4.1","@types/lodash.template":"^4.4.1","@types/lodash.values":"^4.3.1","@types/lru-cache":"^4.0.0","@types/marked":"0.0.28","@types/meow":"^3.6.1","@types/merge-stream":"^1.0.28","@types/merge2":"^0.3.29","@types/micromatch":"^2.3.29","@types/minimatch":"^2.0.29","@types/minimist":"^1.2.0","@types/mkdirp":"^0.3.29","@types/mocha":"^2.2.39","@types/modernizr":"^3.2.29","@types/ms":"^0.7.29","@types/node":"^7.0.5","@types/nopt":"^3.0.29","@types/number-is-nan":"^1.0.0","@types/object-assign":"^4.0.30","@types/once":"^1.3.28","@types/optimist":"0.0.29","@types/orchestrator":"0.0.30","@types/os-homedir":"^1.0.0","@types/os-tmpdir":"^1.0.0","@types/pako":"^1.0.0","@types/parse-glob":"^3.0.29","@types/path-exists":"^1.0.29","@types/path-is-absolute":"^1.0.0","@types/pify":"0.0.28","@types/prelude-ls":"^1.1.29","@types/promisify-node":"^0.4.0","@types/q":"0.0.32","@types/rc":"0.0.1","@types/replace-ext":"0.0.27","@types/resolve":"0.0.4","@types/rimraf":"0.0.28","@types/run-sequence":"0.0.28","@types/semver":"^5.3.30","@types/semver-diff":"^2.1.0","@types/socket.io-client":"^1.4.29","@types/source-map":"^0.5.0","@types/source-map-support":"^0.2.28","@types/sprintf-js":"0.0.27","@types/strip-ansi":"^3.0.0","@types/strip-bom":"^3.0.0","@types/strip-json-comments":"0.0.28","@types/supports-color":"^3.1.0","@types/through":"0.0.28","@types/through2":"^2.0.32","@types/type-check":"^0.3.27","@types/type-detect":"^0.1.28","@types/uglify-js":"^2.6.28","@types/underscore.string":"0.0.30","@types/update-notifier":"^1.0.0","@types/user-home":"^2.0.0","@types/uuid":"^2.0.29","@types/vinyl":"^2.0.0","@types/vinyl-fs":"^2.4.1","@types/which":"^1.0.28","@types/window-size":"^0.2.4","@types/xdg-basedir":"^2.0.0","@types/xtend":"^4.0.2","@types/yargs":"^6.6.0"}}
Adding entry into typings cache: 'acorn' => 'C:/Users/lizhe/AppData/Local/Microsoft/TypeScript/node_modules/@types/acorn/index.d.ts'
Adding entry into typings cache: 'ansi-styles' => 'C:/Users/lizhe/AppData/Local/Microsoft/TypeScript/node_modules/@types/ansi-styles/index.d.ts'
Adding entry into typings cache: 'archiver' => 'C:/Users/lizhe/AppData/Local/Microsoft/TypeScript/node_modules/@types/archiver/index.d.ts'
Adding entry into typings cache: 'archy' => 'C:/Users/lizhe/AppData/Local/Microsoft/TypeScript/node_modules/@types/archy/index.d.ts'
Adding entry into typings cache: 'argparse' => 'C:/Users/lizhe/AppData/Local/Microsoft/TypeScript/node_modules/@types/argparse/index.d.ts'
Adding entry into typings cache: 'array-find-index' => 'C:/Users/lizhe/AppData/Local/Microsoft/TypeScript/node_modules/@types/array-find-index/index.d.ts'
Adding entry into typings cache: 'array-uniq' => 'C:/Users/lizhe/AppData/Local/Microsoft/TypeScript/node_modules/@types/array-uniq/index.d.ts'
Adding entry into typings cache: 'assert-plus' => 'C:/Users/lizhe/AppData/Local/Microsoft/TypeScript/node_modules/@types/assert-plus/index.d.ts'
Adding entry into typings cache: 'assertion-error' => 'C:/Users/lizhe/AppData/Local/Microsoft/TypeScript/node_modules/@types/assertion-error/index.d.ts'
Adding entry into typings cache: 'async' => 'C:/Users/lizhe/AppData/Local/Microsoft/TypeScript/node_modules/@types/async/index.d.ts'
Adding entry into typings cache: 'babel-code-frame' => 'C:/Users/lizhe/AppData/Local/Microsoft/TypeScript/node_modules/@types/babel-code-frame/index.d.ts'
Adding entry into typings cache: 'base64-js' => 'C:/Users/lizhe/AppData/Local/Microsoft/TypeScript/node_modules/@types/base64-js/index.d.ts'
Adding entry into typings cache: 'bootstrap' => 'C:/Users/lizhe/AppData/Local/Microsoft/TypeScript/node_modules/@types/bootstrap/index.d.ts'
Adding entry into typings cache: 'brorand' => 'C:/Users/lizhe/AppData/Local/Microsoft/TypeScript/node_modules/@types/brorand/index.d.ts'
Adding entry into typings cache: 'browser-pack' => 'C:/Users/lizhe/AppData/Local/Microsoft/TypeScript/node_modules/@types/browser-pack/index.d.ts'
Adding entry into typings cache: 'browser-resolve' => 'C:/Users/lizhe/AppData/Local/Microsoft/TypeScript/node_modules/@types/browser-resolve/index.d.ts'
Adding entry into typings cache: 'browser-sync' => 'C:/Users/lizhe/AppData/Local/Microsoft/TypeScript/node_modules/@types/browser-sync/index.d.ts'
Adding entry into typings cache: 'browserify' => 'C:/Users/lizhe/AppData/Local/Microsoft/TypeScript/node_modules/@types/browserify/index.d.ts'
Adding entry into typings cache: 'camelcase' => 'C:/Users/lizhe/AppData/Local/Microsoft/TypeScript/node_modules/@types/camelcase/index.d.ts'
Adding entry into typings cache: 'camelcase-keys' => 'C:/Users/lizhe/AppData/Local/Microsoft/TypeScript/node_modules/@types/camelcase-keys/index.d.ts'
Adding entry into typings cache: 'chai' => 'C:/Users/lizhe/AppData/Local/Microsoft/TypeScript/node_modules/@types/chai/index.d.ts'
Adding entry into typings cache: 'chalk' => 'C:/Users/lizhe/AppData/Local/Microsoft/TypeScript/node_modules/@types/chalk/index.d.ts'
Adding entry into typings cache: 'cheerio' => 'C:/Users/lizhe/AppData/Local/Microsoft/TypeScript/node_modules/@types/cheerio/index.d.ts'
Adding entry into typings cache: 'clone' => 'C:/Users/lizhe/AppData/Local/Microsoft/TypeScript/node_modules/@types/clone/index.d.ts'
Adding entry into typings cache: 'colors' => 'C:/Users/lizhe/AppData/Local/Microsoft/TypeScript/node_modules/@types/colors/index.d.ts'
Adding entry into typings cache: 'commander' => 'C:/Users/lizhe/AppData/Local/Microsoft/TypeScript/node_modules/@types/commander/index.d.ts'
Adding entry into typings cache: 'concat-stream' => 'C:/Users/lizhe/AppData/Local/Microsoft/TypeScript/node_modules/@types/concat-stream/index.d.ts'
Adding entry into typings cache: 'configstore' => 'C:/Users/lizhe/AppData/Local/Microsoft/TypeScript/node_modules/@types/configstore/index.d.ts'
Adding entry into typings cache: 'convert-source-map' => 'C:/Users/lizhe/AppData/Local/Microsoft/TypeScript/node_modules/@types/convert-source-map/index.d.ts'
Adding entry into typings cache: 'css' => 'C:/Users/lizhe/AppData/Local/Microsoft/TypeScript/node_modules/@types/css/index.d.ts'
Adding entry into typings cache: 'dateformat' => 'C:/Users/lizhe/AppData/Local/Microsoft/TypeScript/node_modules/@types/dateformat/index.d.ts'
Adding entry into typings cache: 'debug' => 'C:/Users/lizhe/AppData/Local/Microsoft/TypeScript/node_modules/@types/debug/index.d.ts'
Adding entry into typings cache: 'decamelize' => 'C:/Users/lizhe/AppData/Local/Microsoft/TypeScript/node_modules/@types/decamelize/index.d.ts'
Adding entry into typings cache: 'deep-extend' => 'C:/Users/lizhe/AppData/Local/Microsoft/TypeScript/node_modules/@types/deep-extend/index.d.ts'
Adding entry into typings cache: 'defaults' => 'C:/Users/lizhe/AppData/Local/Microsoft/TypeScript/node_modules/@types/defaults/index.d.ts'
Adding entry into typings cache: 'del' => 'C:/Users/lizhe/AppData/Local/Microsoft/TypeScript/node_modules/@types/del/index.d.ts'
Adding entry into typings cache: 'diff' => 'C:/Users/lizhe/AppData/Local/Microsoft/TypeScript/node_modules/@types/diff/index.d.ts'
Adding entry into typings cache: 'dot-prop' => 'C:/Users/lizhe/AppData/Local/Microsoft/TypeScript/node_modules/@types/dot-prop/index.d.ts'
Adding entry into typings cache: 'duplexer2' => 'C:/Users/lizhe/AppData/Local/Microsoft/TypeScript/node_modules/@types/duplexer2/index.d.ts'
Adding entry into typings cache: 'escape-string-regexp' => 'C:/Users/lizhe/AppData/Local/Microsoft/TypeScript/node_modules/@types/escape-string-regexp/index.d.ts'
Adding entry into typings cache: 'escodegen' => 'C:/Users/lizhe/AppData/Local/Microsoft/TypeScript/node_modules/@types/escodegen/index.d.ts'
Adding entry into typings cache: 'esprima' => 'C:/Users/lizhe/AppData/Local/Microsoft/TypeScript/node_modules/@types/esprima/index.d.ts'
Adding entry into typings cache: 'estraverse' => 'C:/Users/lizhe/AppData/Local/Microsoft/TypeScript/node_modules/@types/estraverse/index.d.ts'
Adding entry into typings cache: 'extend' => 'C:/Users/lizhe/AppData/Local/Microsoft/TypeScript/node_modules/@types/extend/index.d.ts'
Adding entry into typings cache: 'fast-levenshtein' => 'C:/Users/lizhe/AppData/Local/Microsoft/TypeScript/node_modules/@types/fast-levenshtein/index.d.ts'
Adding entry into typings cache: 'findup-sync' => 'C:/Users/lizhe/AppData/Local/Microsoft/TypeScript/node_modules/@types/findup-sync/index.d.ts'
Adding entry into typings cache: 'fs-extra' => 'C:/Users/lizhe/AppData/Local/Microsoft/TypeScript/node_modules/@types/fs-extra/index.d.ts'
Adding entry into typings cache: 'get-stdin' => 'C:/Users/lizhe/AppData/Local/Microsoft/TypeScript/node_modules/@types/get-stdin/index.d.ts'
Adding entry into typings cache: 'glob' => 'C:/Users/lizhe/AppData/Local/Microsoft/TypeScript/node_modules/@types/glob/index.d.ts'
Adding entry into typings cache: 'glob-stream' => 'C:/Users/lizhe/AppData/Local/Microsoft/TypeScript/node_modules/@types/glob-stream/index.d.ts'
Adding entry into typings cache: 'globule' => 'C:/Users/lizhe/AppData/Local/Microsoft/TypeScript/node_modules/@types/globule/index.d.ts'
Adding entry into typings cache: 'graceful-fs' => 'C:/Users/lizhe/AppData/Local/Microsoft/TypeScript/node_modules/@types/graceful-fs/index.d.ts'
Adding entry into typings cache: 'gulp' => 'C:/Users/lizhe/AppData/Local/Microsoft/TypeScript/node_modules/@types/gulp/index.d.ts'
Adding entry into typings cache: 'gulp-concat' => 'C:/Users/lizhe/AppData/Local/Microsoft/TypeScript/node_modules/@types/gulp-concat/index.d.ts'
Adding entry into typings cache: 'gulp-help' => 'C:/Users/lizhe/AppData/Local/Microsoft/TypeScript/node_modules/@types/gulp-help/index.d.ts'
Adding entry into typings cache: 'gulp-insert' => 'C:/Users/lizhe/AppData/Local/Microsoft/TypeScript/node_modules/@types/gulp-insert/index.d.ts'
Adding entry into typings cache: 'gulp-less' => 'C:/Users/lizhe/AppData/Local/Microsoft/TypeScript/node_modules/@types/gulp-less/index.d.ts'
Adding entry into typings cache: 'gulp-newer' => 'C:/Users/lizhe/AppData/Local/Microsoft/TypeScript/node_modules/@types/gulp-newer/index.d.ts'
Adding entry into typings cache: 'gulp-sass' => 'C:/Users/lizhe/AppData/Local/Microsoft/TypeScript/node_modules/@types/gulp-sass/index.d.ts'
Adding entry into typings cache: 'gulp-sourcemaps' => 'C:/Users/lizhe/AppData/Local/Microsoft/TypeScript/node_modules/@types/gulp-sourcemaps/index.d.ts'
Adding entry into typings cache: 'gulp-task-listing' => 'C:/Users/lizhe/AppData/Local/Microsoft/TypeScript/node_modules/@types/gulp-task-listing/index.d.ts'
Adding entry into typings cache: 'gulp-util' => 'C:/Users/lizhe/AppData/Local/Microsoft/TypeScript/node_modules/@types/gulp-util/index.d.ts'
Adding entry into typings cache: 'gulp-watch' => 'C:/Users/lizhe/AppData/Local/Microsoft/TypeScript/node_modules/@types/gulp-watch/index.d.ts'
Adding entry into typings cache: 'handlebars' => 'C:/Users/lizhe/AppData/Local/Microsoft/TypeScript/node_modules/@types/handlebars/index.d.ts'
Adding entry into typings cache: 'indent-string' => 'C:/Users/lizhe/AppData/Local/Microsoft/TypeScript/node_modules/@types/indent-string/index.d.ts'
Adding entry into typings cache: 'inherits' => 'C:/Users/lizhe/AppData/Local/Microsoft/TypeScript/node_modules/@types/inherits/index.d.ts'
Adding entry into typings cache: 'ini' => 'C:/Users/lizhe/AppData/Local/Microsoft/TypeScript/node_modules/@types/ini/index.d.ts'
Adding entry into typings cache: 'is-finite' => 'C:/Users/lizhe/AppData/Local/Microsoft/TypeScript/node_modules/@types/is-finite/index.d.ts'
Adding entry into typings cache: 'is-path-cwd' => 'C:/Users/lizhe/AppData/Local/Microsoft/TypeScript/node_modules/@types/is-path-cwd/index.d.ts'
Adding entry into typings cache: 'is-path-in-cwd' => 'C:/Users/lizhe/AppData/Local/Microsoft/TypeScript/node_modules/@types/is-path-in-cwd/index.d.ts'
Adding entry into typings cache: 'is-windows' => 'C:/Users/lizhe/AppData/Local/Microsoft/TypeScript/node_modules/@types/is-windows/index.d.ts'
Adding entry into typings cache: 'istanbul' => 'C:/Users/lizhe/AppData/Local/Microsoft/TypeScript/node_modules/@types/istanbul/index.d.ts'
Adding entry into typings cache: 'jake' => 'C:/Users/lizhe/AppData/Local/Microsoft/TypeScript/node_modules/@types/jake/index.d.ts'
Adding entry into typings cache: 'jasmine-node' => 'C:/Users/lizhe/AppData/Local/Microsoft/TypeScript/node_modules/@types/jasmine-node/index.d.ts'
Adding entry into typings cache: 'jquery' => 'C:/Users/lizhe/AppData/Local/Microsoft/TypeScript/node_modules/@types/jquery/index.d.ts'
Adding entry into typings cache: 'js-beautify' => 'C:/Users/lizhe/AppData/Local/Microsoft/TypeScript/node_modules/@types/js-beautify/index.d.ts'
Adding entry into typings cache: 'js-yaml' => 'C:/Users/lizhe/AppData/Local/Microsoft/TypeScript/node_modules/@types/js-yaml/index.d.ts'
Adding entry into typings cache: 'jsdom' => 'C:/Users/lizhe/AppData/Local/Microsoft/TypeScript/node_modules/@types/jsdom/index.d.ts'
Adding entry into typings cache: 'json-stable-stringify' => 'C:/Users/lizhe/AppData/Local/Microsoft/TypeScript/node_modules/@types/json-stable-stringify/index.d.ts'
Adding entry into typings cache: 'karma' => 'C:/Users/lizhe/AppData/Local/Microsoft/TypeScript/node_modules/@types/karma/index.d.ts'
Adding entry into typings cache: 'karma-jasmine' => 'C:/Users/lizhe/AppData/Local/Microsoft/TypeScript/node_modules/@types/karma-jasmine/index.d.ts'
Adding entry into typings cache: 'load-json-file' => 'C:/Users/lizhe/AppData/Local/Microsoft/TypeScript/node_modules/@types/load-json-file/index.d.ts'
Adding entry into typings cache: 'lodash' => 'C:/Users/lizhe/AppData/Local/Microsoft/TypeScript/node_modules/@types/lodash/index.d.ts'
Adding entry into typings cache: 'lodash.assignwith' => 'C:/Users/lizhe/AppData/Local/Microsoft/TypeScript/node_modules/@types/lodash.assignwith/index.d.ts'
Adding entry into typings cache: 'lodash.create' => 'C:/Users/lizhe/AppData/Local/Microsoft/TypeScript/node_modules/@types/lodash.create/index.d.ts'
Adding entry into typings cache: 'lodash.defaults' => 'C:/Users/lizhe/AppData/Local/Microsoft/TypeScript/node_modules/@types/lodash.defaults/index.d.ts'
Adding entry into typings cache: 'lodash.escape' => 'C:/Users/lizhe/AppData/Local/Microsoft/TypeScript/node_modules/@types/lodash.escape/index.d.ts'
Adding entry into typings cache: 'lodash.isarguments' => 'C:/Users/lizhe/AppData/Local/Microsoft/TypeScript/node_modules/@types/lodash.isarguments/index.d.ts'
Adding entry into typings cache: 'lodash.isarray' => 'C:/Users/lizhe/AppData/Local/Microsoft/TypeScript/node_modules/@types/lodash.isarray/index.d.ts'
Adding entry into typings cache: 'lodash.isempty' => 'C:/Users/lizhe/AppData/Local/Microsoft/TypeScript/node_modules/@types/lodash.isempty/index.d.ts'
Adding entry into typings cache: 'lodash.isequal' => 'C:/Users/lizhe/AppData/Local/Microsoft/TypeScript/node_modules/@types/lodash.isequal/index.d.ts'
Adding entry into typings cache: 'lodash.isobject' => 'C:/Users/lizhe/AppData/Local/Microsoft/TypeScript/node_modules/@types/lodash.isobject/index.d.ts'
Adding entry into typings cache: 'lodash.isplainobject' => 'C:/Users/lizhe/AppData/Local/Microsoft/TypeScript/node_modules/@types/lodash.isplainobject/index.d.ts'
Adding entry into typings cache: 'lodash.isstring' => 'C:/Users/lizhe/AppData/Local/Microsoft/TypeScript/node_modules/@types/lodash.isstring/index.d.ts'
Adding entry into typings cache: 'lodash.keys' => 'C:/Users/lizhe/AppData/Local/Microsoft/TypeScript/node_modules/@types/lodash.keys/index.d.ts'
Adding entry into typings cache: 'lodash.mapvalues' => 'C:/Users/lizhe/AppData/Local/Microsoft/TypeScript/node_modules/@types/lodash.mapvalues/index.d.ts'
Adding entry into typings cache: 'lodash.memoize' => 'C:/Users/lizhe/AppData/Local/Microsoft/TypeScript/node_modules/@types/lodash.memoize/index.d.ts'
Adding entry into typings cache: 'lodash.pick' => 'C:/Users/lizhe/AppData/Local/Microsoft/TypeScript/node_modules/@types/lodash.pick/index.d.ts'
Adding entry into typings cache: 'lodash.template' => 'C:/Users/lizhe/AppData/Local/Microsoft/TypeScript/node_modules/@types/lodash.template/index.d.ts'
Adding entry into typings cache: 'lodash.values' => 'C:/Users/lizhe/AppData/Local/Microsoft/TypeScript/node_modules/@types/lodash.values/index.d.ts'
Adding entry into typings cache: 'lru-cache' => 'C:/Users/lizhe/AppData/Local/Microsoft/TypeScript/node_modules/@types/lru-cache/index.d.ts'
Adding entry into typings cache: 'marked' => 'C:/Users/lizhe/AppData/Local/Microsoft/TypeScript/node_modules/@types/marked/index.d.ts'
Adding entry into typings cache: 'meow' => 'C:/Users/lizhe/AppData/Local/Microsoft/TypeScript/node_modules/@types/meow/index.d.ts'
Adding entry into typings cache: 'merge-stream' => 'C:/Users/lizhe/AppData/Local/Microsoft/TypeScript/node_modules/@types/merge-stream/index.d.ts'
Adding entry into typings cache: 'merge2' => 'C:/Users/lizhe/AppData/Local/Microsoft/TypeScript/node_modules/@types/merge2/index.d.ts'
Adding entry into typings cache: 'micromatch' => 'C:/Users/lizhe/AppData/Local/Microsoft/TypeScript/node_modules/@types/micromatch/index.d.ts'
Adding entry into typings cache: 'minimatch' => 'C:/Users/lizhe/AppData/Local/Microsoft/TypeScript/node_modules/@types/minimatch/index.d.ts'
Adding entry into typings cache: 'minimist' => 'C:/Users/lizhe/AppData/Local/Microsoft/TypeScript/node_modules/@types/minimist/index.d.ts'
Adding entry into typings cache: 'mkdirp' => 'C:/Users/lizhe/AppData/Local/Microsoft/TypeScript/node_modules/@types/mkdirp/index.d.ts'
Adding entry into typings cache: 'mocha' => 'C:/Users/lizhe/AppData/Local/Microsoft/TypeScript/node_modules/@types/mocha/index.d.ts'
Adding entry into typings cache: 'modernizr' => 'C:/Users/lizhe/AppData/Local/Microsoft/TypeScript/node_modules/@types/modernizr/index.d.ts'
Adding entry into typings cache: 'ms' => 'C:/Users/lizhe/AppData/Local/Microsoft/TypeScript/node_modules/@types/ms/index.d.ts'
Adding entry into typings cache: 'node' => 'C:/Users/lizhe/AppData/Local/Microsoft/TypeScript/node_modules/@types/node/index.d.ts'
Adding entry into typings cache: 'nopt' => 'C:/Users/lizhe/AppData/Local/Microsoft/TypeScript/node_modules/@types/nopt/index.d.ts'
Adding entry into typings cache: 'number-is-nan' => 'C:/Users/lizhe/AppData/Local/Microsoft/TypeScript/node_modules/@types/number-is-nan/index.d.ts'
Adding entry into typings cache: 'object-assign' => 'C:/Users/lizhe/AppData/Local/Microsoft/TypeScript/node_modules/@types/object-assign/index.d.ts'
Adding entry into typings cache: 'once' => 'C:/Users/lizhe/AppData/Local/Microsoft/TypeScript/node_modules/@types/once/index.d.ts'
Adding entry into typings cache: 'optimist' => 'C:/Users/lizhe/AppData/Local/Microsoft/TypeScript/node_modules/@types/optimist/index.d.ts'
Adding entry into typings cache: 'orchestrator' => 'C:/Users/lizhe/AppData/Local/Microsoft/TypeScript/node_modules/@types/orchestrator/index.d.ts'
Adding entry into typings cache: 'os-homedir' => 'C:/Users/lizhe/AppData/Local/Microsoft/TypeScript/node_modules/@types/os-homedir/index.d.ts'
Adding entry into typings cache: 'os-tmpdir' => 'C:/Users/lizhe/AppData/Local/Microsoft/TypeScript/node_modules/@types/os-tmpdir/index.d.ts'
Adding entry into typings cache: 'pako' => 'C:/Users/lizhe/AppData/Local/Microsoft/TypeScript/node_modules/@types/pako/index.d.ts'
Adding entry into typings cache: 'parse-glob' => 'C:/Users/lizhe/AppData/Local/Microsoft/TypeScript/node_modules/@types/parse-glob/index.d.ts'
Adding entry into typings cache: 'path-exists' => 'C:/Users/lizhe/AppData/Local/Microsoft/TypeScript/node_modules/@types/path-exists/index.d.ts'
Adding entry into typings cache: 'path-is-absolute' => 'C:/Users/lizhe/AppData/Local/Microsoft/TypeScript/node_modules/@types/path-is-absolute/index.d.ts'
Adding entry into typings cache: 'pify' => 'C:/Users/lizhe/AppData/Local/Microsoft/TypeScript/node_modules/@types/pify/index.d.ts'
Adding entry into typings cache: 'prelude-ls' => 'C:/Users/lizhe/AppData/Local/Microsoft/TypeScript/node_modules/@types/prelude-ls/index.d.ts'
Adding entry into typings cache: 'promisify-node' => 'C:/Users/lizhe/AppData/Local/Microsoft/TypeScript/node_modules/@types/promisify-node/index.d.ts'
Adding entry into typings cache: 'q' => 'C:/Users/lizhe/AppData/Local/Microsoft/TypeScript/node_modules/@types/q/index.d.ts'
Adding entry into typings cache: 'rc' => 'C:/Users/lizhe/AppData/Local/Microsoft/TypeScript/node_modules/@types/rc/index.d.ts'
Adding entry into typings cache: 'replace-ext' => 'C:/Users/lizhe/AppData/Local/Microsoft/TypeScript/node_modules/@types/replace-ext/index.d.ts'
Adding entry into typings cache: 'resolve' => 'C:/Users/lizhe/AppData/Local/Microsoft/TypeScript/node_modules/@types/resolve/index.d.ts'
Adding entry into typings cache: 'rimraf' => 'C:/Users/lizhe/AppData/Local/Microsoft/TypeScript/node_modules/@types/rimraf/index.d.ts'
Adding entry into typings cache: 'run-sequence' => 'C:/Users/lizhe/AppData/Local/Microsoft/TypeScript/node_modules/@types/run-sequence/index.d.ts'
Adding entry into typings cache: 'semver' => 'C:/Users/lizhe/AppData/Local/Microsoft/TypeScript/node_modules/@types/semver/index.d.ts'
Adding entry into typings cache: 'semver-diff' => 'C:/Users/lizhe/AppData/Local/Microsoft/TypeScript/node_modules/@types/semver-diff/index.d.ts'
Adding entry into typings cache: 'socket.io-client' => 'C:/Users/lizhe/AppData/Local/Microsoft/TypeScript/node_modules/@types/socket.io-client/index.d.ts'
Adding entry into typings cache: 'source-map' => 'C:/Users/lizhe/AppData/Local/Microsoft/TypeScript/node_modules/@types/source-map/index.d.ts'
Adding entry into typings cache: 'source-map-support' => 'C:/Users/lizhe/AppData/Local/Microsoft/TypeScript/node_modules/@types/source-map-support/index.d.ts'
Adding entry into typings cache: 'sprintf-js' => 'C:/Users/lizhe/AppData/Local/Microsoft/TypeScript/node_modules/@types/sprintf-js/index.d.ts'
Adding entry into typings cache: 'strip-ansi' => 'C:/Users/lizhe/AppData/Local/Microsoft/TypeScript/node_modules/@types/strip-ansi/index.d.ts'
Adding entry into typings cache: 'strip-bom' => 'C:/Users/lizhe/AppData/Local/Microsoft/TypeScript/node_modules/@types/strip-bom/index.d.ts'
Adding entry into typings cache: 'strip-json-comments' => 'C:/Users/lizhe/AppData/Local/Microsoft/TypeScript/node_modules/@types/strip-json-comments/index.d.ts'
Adding entry into typings cache: 'supports-color' => 'C:/Users/lizhe/AppData/Local/Microsoft/TypeScript/node_modules/@types/supports-color/index.d.ts'
Adding entry into typings cache: 'through' => 'C:/Users/lizhe/AppData/Local/Microsoft/TypeScript/node_modules/@types/through/index.d.ts'
Adding entry into typings cache: 'through2' => 'C:/Users/lizhe/AppData/Local/Microsoft/TypeScript/node_modules/@types/through2/index.d.ts'
Adding entry into typings cache: 'type-check' => 'C:/Users/lizhe/AppData/Local/Microsoft/TypeScript/node_modules/@types/type-check/index.d.ts'
Adding entry into typings cache: 'type-detect' => 'C:/Users/lizhe/AppData/Local/Microsoft/TypeScript/node_modules/@types/type-detect/index.d.ts'
Adding entry into typings cache: 'uglify-js' => 'C:/Users/lizhe/AppData/Local/Microsoft/TypeScript/node_modules/@types/uglify-js/index.d.ts'
Adding entry into typings cache: 'underscore.string' => 'C:/Users/lizhe/AppData/Local/Microsoft/TypeScript/node_modules/@types/underscore.string/index.d.ts'
Adding entry into typings cache: 'update-notifier' => 'C:/Users/lizhe/AppData/Local/Microsoft/TypeScript/node_modules/@types/update-notifier/index.d.ts'
Adding entry into typings cache: 'user-home' => 'C:/Users/lizhe/AppData/Local/Microsoft/TypeScript/node_modules/@types/user-home/index.d.ts'
Adding entry into typings cache: 'uuid' => 'C:/Users/lizhe/AppData/Local/Microsoft/TypeScript/node_modules/@types/uuid/index.d.ts'
Adding entry into typings cache: 'vinyl' => 'C:/Users/lizhe/AppData/Local/Microsoft/TypeScript/node_modules/@types/vinyl/index.d.ts'
Adding entry into typings cache: 'vinyl-fs' => 'C:/Users/lizhe/AppData/Local/Microsoft/TypeScript/node_modules/@types/vinyl-fs/index.d.ts'
Adding entry into typings cache: 'which' => 'C:/Users/lizhe/AppData/Local/Microsoft/TypeScript/node_modules/@types/which/index.d.ts'
Adding entry into typings cache: 'window-size' => 'C:/Users/lizhe/AppData/Local/Microsoft/TypeScript/node_modules/@types/window-size/index.d.ts'
Adding entry into typings cache: 'xdg-basedir' => 'C:/Users/lizhe/AppData/Local/Microsoft/TypeScript/node_modules/@types/xdg-basedir/index.d.ts'
Adding entry into typings cache: 'xtend' => 'C:/Users/lizhe/AppData/Local/Microsoft/TypeScript/node_modules/@types/xtend/index.d.ts'
Adding entry into typings cache: 'yargs' => 'C:/Users/lizhe/AppData/Local/Microsoft/TypeScript/node_modules/@types/yargs/index.d.ts'
Finished processing cache location 'C:/Users/lizhe/AppData/Local/Microsoft/TypeScript'
Process id: 11332
Npm config file: C:/Users/lizhe/AppData/Local/Microsoft/TypeScript/package.json
Updating types-registry npm package...
